[INFO ] 2022-01-25 13:24:44.273 [main] fr.esigelec.blowfish - Opening file...
[INFO ] 2022-01-25 13:24:44.279 [main] fr.esigelec.blowfish - Closing file...
[INFO ] 2022-01-25 13:24:44.323 [main] fr.esigelec.blowfish - Opening file...
[INFO ] 2022-01-25 13:24:44.324 [main] fr.esigelec.blowfish - Closing file...
[INFO ] 2022-01-25 13:25:41.309 [main] fr.esigelec.blowfish - Opening file...
[INFO ] 2022-01-25 13:25:41.314 [main] fr.esigelec.blowfish - Closing file...
[INFO ] 2022-01-25 13:25:41.314 [main] fr.esigelec.blowfish - Opening file...
[INFO ] 2022-01-25 13:25:41.314 [main] fr.esigelec.blowfish - Closing file...
[INFO ] 2022-01-25 13:25:50.822 [main] fr.esigelec.blowfish - Opening file...
[INFO ] 2022-01-25 13:25:50.827 [main] fr.esigelec.blowfish - Closing file...
[INFO ] 2022-01-25 13:25:50.827 [main] fr.esigelec.blowfish - Opening file...
[INFO ] 2022-01-25 13:25:50.828 [main] fr.esigelec.blowfish - Closing file...
[INFO ] 2022-01-25 18:23:11.102 [AWT-EventQueue-0] fr.esigelec.blowfish - Opening file...
[INFO ] 2022-01-25 18:23:11.109 [AWT-EventQueue-0] fr.esigelec.blowfish - Closing file...
[INFO ] 2022-01-25 18:26:59.764 [main] fr.esigelec.blowfish - File not found !
[ERROR] 2022-01-25 18:26:59.768 [main] fr.esigelec.blowfish - D:\Me\Windows Key.txt
 (The filename, directory name, or volume label syntax is incorrect) :null
[INFO ] 2022-01-25 18:27:05.819 [main] fr.esigelec.blowfish - Closing file...
[INFO ] 2022-01-25 18:27:05.820 [main] fr.esigelec.blowfish - File not found !
[ERROR] 2022-01-25 18:27:05.822 [main] fr.esigelec.blowfish - D:\Me\Windows Key.txt
 (The filename, directory name, or volume label syntax is incorrect) :null
[INFO ] 2022-01-25 18:27:11.602 [main] fr.esigelec.blowfish - Closing file...
[INFO ] 2022-01-25 18:29:29.139 [main] fr.esigelec.blowfish - Opening file...
[INFO ] 2022-01-25 18:29:29.145 [main] fr.esigelec.blowfish - Closing file...
[INFO ] 2022-01-25 18:29:29.145 [main] fr.esigelec.blowfish - Opening file...
[INFO ] 2022-01-25 18:29:29.146 [main] fr.esigelec.blowfish - Closing file...
[INFO ] 2022-01-25 18:30:58.600 [main] fr.esigelec.blowfish - Opening file...
[INFO ] 2022-01-25 18:30:58.606 [main] fr.esigelec.blowfish - Closing file...
[INFO ] 2022-01-25 18:30:58.606 [main] fr.esigelec.blowfish - Opening file...
[INFO ] 2022-01-25 18:30:58.607 [main] fr.esigelec.blowfish - Closing file...
[INFO ] 2022-01-25 18:31:34.289 [main] fr.esigelec.blowfish - Opening file...
[INFO ] 2022-01-25 18:31:34.295 [main] fr.esigelec.blowfish - Closing file...
[INFO ] 2022-01-25 18:44:23.174 [main] fr.esigelec.blowfish - Opening file...
[INFO ] 2022-01-25 18:44:23.184 [main] fr.esigelec.blowfish - Closing file...
[INFO ] 2022-01-25 18:44:23.185 [main] fr.esigelec.blowfish - Opening file...
[INFO ] 2022-01-25 18:44:23.185 [main] fr.esigelec.blowfish - Closing file...
[INFO ] 2022-01-25 19:07:37.368 [main] fr.esigelec.blowfish - Opening file...
[INFO ] 2022-01-25 19:07:37.390 [main] fr.esigelec.blowfish - Closing file...
[INFO ] 2022-01-25 19:07:37.390 [main] fr.esigelec.blowfish - Opening file...
[INFO ] 2022-01-25 19:07:37.396 [main] fr.esigelec.blowfish - Closing file...
[INFO ] 2022-01-25 19:08:38.691 [AWT-EventQueue-0] fr.esigelec.blowfish - Opening file...
[INFO ] 2022-01-25 19:08:38.722 [AWT-EventQueue-0] fr.esigelec.blowfish - Closing file...
[INFO ] 2022-01-25 19:08:38.722 [AWT-EventQueue-0] fr.esigelec.blowfish - Opening file...
[INFO ] 2022-01-25 19:08:38.730 [AWT-EventQueue-0] fr.esigelec.blowfish - Closing file...
[INFO ] 2022-01-25 19:08:38.730 [AWT-EventQueue-0] fr.esigelec.blowfish - Enciphering...
[INFO ] 2022-01-25 19:08:40.144 [AWT-EventQueue-0] fr.esigelec.blowfish - Enciphering successed !
[INFO ] 2022-01-25 19:09:43.158 [AWT-EventQueue-0] fr.esigelec.blowfish - Opening file...
[INFO ] 2022-01-25 19:09:43.184 [AWT-EventQueue-0] fr.esigelec.blowfish - Closing file...
[INFO ] 2022-01-25 19:09:43.185 [AWT-EventQueue-0] fr.esigelec.blowfish - Opening file...
[INFO ] 2022-01-25 19:09:43.194 [AWT-EventQueue-0] fr.esigelec.blowfish - Closing file...
[INFO ] 2022-01-25 19:09:43.194 [AWT-EventQueue-0] fr.esigelec.blowfish - Enciphering...
[INFO ] 2022-01-25 19:09:43.557 [AWT-EventQueue-0] fr.esigelec.blowfish - Enciphering successed !
[INFO ] 2022-01-25 19:12:35.673 [main] fr.esigelec.blowfish - Opening file...
[INFO ] 2022-01-25 19:12:35.694 [main] fr.esigelec.blowfish - Closing file...
[INFO ] 2022-01-25 19:12:35.696 [main] fr.esigelec.blowfish - Opening file...
[INFO ] 2022-01-25 19:12:35.704 [main] fr.esigelec.blowfish - Closing file...
[INFO ] 2022-01-25 19:13:22.583 [main] fr.esigelec.blowfish - Opening file...
[INFO ] 2022-01-25 19:13:22.603 [main] fr.esigelec.blowfish - Closing file...
[INFO ] 2022-01-25 19:13:22.606 [main] fr.esigelec.blowfish - Error occurs during writing a file !
[ERROR] 2022-01-25 19:13:22.607 [main] fr.esigelec.blowfish - D:\Me\Windows Key.txt\test :null
[INFO ] 2022-01-25 19:13:54.390 [main] fr.esigelec.blowfish - Opening file...
[INFO ] 2022-01-25 19:13:54.410 [main] fr.esigelec.blowfish - Closing file...
[INFO ] 2022-01-25 19:13:54.412 [main] fr.esigelec.blowfish - Error occurs during writing a file !
[ERROR] 2022-01-25 19:13:54.412 [main] fr.esigelec.blowfish - D:\Me\Windows Key.txt\test.txt :null
[INFO ] 2022-01-25 19:14:19.041 [main] fr.esigelec.blowfish - Opening file...
[INFO ] 2022-01-25 19:14:19.063 [main] fr.esigelec.blowfish - Closing file...
[INFO ] 2022-01-25 19:14:19.066 [main] fr.esigelec.blowfish - Error occurs during writing a file !
[ERROR] 2022-01-25 19:14:19.066 [main] fr.esigelec.blowfish - D:\Me\Windows Key.txt\test.txt :null
[INFO ] 2022-01-25 19:14:30.834 [main] fr.esigelec.blowfish - Opening file...
[INFO ] 2022-01-25 19:14:30.858 [main] fr.esigelec.blowfish - Closing file...
[INFO ] 2022-01-25 19:14:30.860 [main] fr.esigelec.blowfish - Error occurs during writing a file !
[ERROR] 2022-01-25 19:14:30.861 [main] fr.esigelec.blowfish - D:\Me\Windows Key.txt\test.txt :null
[INFO ] 2022-01-25 19:16:33.103 [main] fr.esigelec.blowfish - Opening file...
[INFO ] 2022-01-25 19:16:33.123 [main] fr.esigelec.blowfish - Closing file...
[INFO ] 2022-01-25 19:16:58.576 [main] fr.esigelec.blowfish - Opening file...
[INFO ] 2022-01-25 19:16:58.597 [main] fr.esigelec.blowfish - Closing file...
[INFO ] 2022-01-25 19:17:21.163 [main] fr.esigelec.blowfish - Opening file...
[INFO ] 2022-01-25 19:17:21.187 [main] fr.esigelec.blowfish - Closing file...
[INFO ] 2022-01-25 19:27:52.105 [AWT-EventQueue-0] fr.esigelec.blowfish - Opening file...
[INFO ] 2022-01-25 19:27:52.127 [AWT-EventQueue-0] fr.esigelec.blowfish - Closing file...
[INFO ] 2022-01-25 19:27:52.128 [AWT-EventQueue-0] fr.esigelec.blowfish - Opening file...
[INFO ] 2022-01-25 19:27:52.135 [AWT-EventQueue-0] fr.esigelec.blowfish - Closing file...
[INFO ] 2022-01-25 19:27:52.135 [AWT-EventQueue-0] fr.esigelec.blowfish - Enciphering...
[INFO ] 2022-01-25 19:27:52.209 [AWT-EventQueue-0] fr.esigelec.blowfish - Enciphering successed !
[INFO ] 2022-01-25 19:28:33.003 [AWT-EventQueue-0] fr.esigelec.blowfish - Opening file...
[INFO ] 2022-01-25 19:28:33.013 [AWT-EventQueue-0] fr.esigelec.blowfish - Closing file...
[INFO ] 2022-01-25 19:28:33.014 [AWT-EventQueue-0] fr.esigelec.blowfish - Opening file...
[INFO ] 2022-01-25 19:28:33.023 [AWT-EventQueue-0] fr.esigelec.blowfish - Closing file...
[INFO ] 2022-01-25 19:28:33.024 [AWT-EventQueue-0] fr.esigelec.blowfish - Enciphering...
[INFO ] 2022-01-25 19:28:33.026 [AWT-EventQueue-0] fr.esigelec.blowfish - Enciphering successed !
[INFO ] 2022-01-25 19:46:30.976 [AWT-EventQueue-0] fr.esigelec.blowfish - Opening file...
[INFO ] 2022-01-25 19:46:31.003 [AWT-EventQueue-0] fr.esigelec.blowfish - Closing file...
[INFO ] 2022-01-25 19:46:31.003 [AWT-EventQueue-0] fr.esigelec.blowfish - Opening file...
[INFO ] 2022-01-25 19:46:31.011 [AWT-EventQueue-0] fr.esigelec.blowfish - Closing file...
[INFO ] 2022-01-25 19:46:31.011 [AWT-EventQueue-0] fr.esigelec.blowfish - Enciphering...
[INFO ] 2022-01-25 19:46:31.078 [AWT-EventQueue-0] fr.esigelec.blowfish - Enciphering successed !
[INFO ] 2022-01-25 19:51:48.422 [AWT-EventQueue-0] fr.esigelec.blowfish - Opening file...
[INFO ] 2022-01-25 19:51:48.431 [AWT-EventQueue-0] fr.esigelec.blowfish - Closing file...
[INFO ] 2022-01-25 19:51:48.431 [AWT-EventQueue-0] fr.esigelec.blowfish - Opening file...
[INFO ] 2022-01-25 19:51:48.446 [AWT-EventQueue-0] fr.esigelec.blowfish - Closing file...
[INFO ] 2022-01-25 19:51:48.446 [AWT-EventQueue-0] fr.esigelec.blowfish - Enciphering...
[INFO ] 2022-01-25 19:51:48.447 [AWT-EventQueue-0] fr.esigelec.blowfish - Enciphering successed !
[INFO ] 2022-01-25 19:58:57.224 [AWT-EventQueue-0] fr.esigelec.blowfish - Opening file...
[INFO ] 2022-01-25 19:58:57.260 [AWT-EventQueue-0] fr.esigelec.blowfish - Closing file...
[INFO ] 2022-01-25 19:58:57.260 [AWT-EventQueue-0] fr.esigelec.blowfish - Opening file...
[INFO ] 2022-01-25 19:58:57.266 [AWT-EventQueue-0] fr.esigelec.blowfish - Closing file...
[INFO ] 2022-01-25 19:58:57.266 [AWT-EventQueue-0] fr.esigelec.blowfish - Enciphering...
[INFO ] 2022-01-25 19:58:57.363 [AWT-EventQueue-0] fr.esigelec.blowfish - Enciphering successed !
[INFO ] 2022-01-25 22:09:18.644 [AWT-EventQueue-0] fr.esigelec.blowfish - Opening file...
[INFO ] 2022-01-25 22:09:18.660 [AWT-EventQueue-0] fr.esigelec.blowfish - Closing file...
[INFO ] 2022-01-25 22:09:18.661 [AWT-EventQueue-0] fr.esigelec.blowfish - Opening file...
[INFO ] 2022-01-25 22:09:18.665 [AWT-EventQueue-0] fr.esigelec.blowfish - Closing file...
[INFO ] 2022-01-25 22:09:18.665 [AWT-EventQueue-0] fr.esigelec.blowfish - Deciphering...
[INFO ] 2022-01-25 22:09:18.729 [AWT-EventQueue-0] fr.esigelec.blowfish - Deciphering successed !
[INFO ] 2022-01-25 22:12:46.067 [AWT-EventQueue-0] fr.esigelec.blowfish - Opening file...
[INFO ] 2022-01-25 22:12:46.101 [AWT-EventQueue-0] fr.esigelec.blowfish - Closing file...
[INFO ] 2022-01-25 22:12:46.101 [AWT-EventQueue-0] fr.esigelec.blowfish - Opening file...
[INFO ] 2022-01-25 22:12:46.106 [AWT-EventQueue-0] fr.esigelec.blowfish - Closing file...
[INFO ] 2022-01-25 22:12:46.106 [AWT-EventQueue-0] fr.esigelec.blowfish - Enciphering...
[INFO ] 2022-01-25 22:12:46.149 [AWT-EventQueue-0] fr.esigelec.blowfish - Enciphering successed !
[INFO ] 2022-01-25 22:13:19.414 [AWT-EventQueue-0] fr.esigelec.blowfish - Opening file...
[INFO ] 2022-01-25 22:13:20.208 [AWT-EventQueue-0] fr.esigelec.blowfish - Closing file...
[INFO ] 2022-01-25 22:13:20.208 [AWT-EventQueue-0] fr.esigelec.blowfish - Opening file...
[INFO ] 2022-01-25 22:13:20.210 [AWT-EventQueue-0] fr.esigelec.blowfish - Closing file...
[INFO ] 2022-01-25 22:13:20.210 [AWT-EventQueue-0] fr.esigelec.blowfish - Deciphering...
[INFO ] 2022-01-25 22:13:20.213 [AWT-EventQueue-0] fr.esigelec.blowfish - Deciphering successed !
[INFO ] 2022-01-28 10:35:20.863 [AWT-EventQueue-0] fr.esigelec.blowfish - Opening file...
[INFO ] 2022-01-28 10:35:21.047 [AWT-EventQueue-0] fr.esigelec.blowfish - Closing file...
[INFO ] 2022-01-28 10:35:21.048 [AWT-EventQueue-0] fr.esigelec.blowfish - Opening file...
[INFO ] 2022-01-28 10:35:21.081 [AWT-EventQueue-0] fr.esigelec.blowfish - Closing file...
[INFO ] 2022-01-28 10:35:21.082 [AWT-EventQueue-0] fr.esigelec.blowfish - Enciphering...
[INFO ] 2022-01-28 10:35:21.351 [AWT-EventQueue-0] fr.esigelec.blowfish - Enciphering successed !
[INFO ] 2022-01-28 10:35:39.021 [AWT-EventQueue-0] fr.esigelec.blowfish - Opening file...
[INFO ] 2022-01-28 10:35:39.029 [AWT-EventQueue-0] fr.esigelec.blowfish - Closing file...
[INFO ] 2022-01-28 10:35:39.030 [AWT-EventQueue-0] fr.esigelec.blowfish - Opening file...
[INFO ] 2022-01-28 10:35:39.033 [AWT-EventQueue-0] fr.esigelec.blowfish - Closing file...
[INFO ] 2022-01-28 10:35:39.033 [AWT-EventQueue-0] fr.esigelec.blowfish - Deciphering...
[INFO ] 2022-01-28 10:35:39.035 [AWT-EventQueue-0] fr.esigelec.blowfish - Deciphering successed !
[INFO ] 2022-01-28 10:36:02.860 [AWT-EventQueue-0] fr.esigelec.blowfish - Opening file...
[INFO ] 2022-01-28 10:36:02.864 [AWT-EventQueue-0] fr.esigelec.blowfish - Closing file...
[INFO ] 2022-01-28 10:36:02.865 [AWT-EventQueue-0] fr.esigelec.blowfish - Opening file...
[INFO ] 2022-01-28 10:36:02.870 [AWT-EventQueue-0] fr.esigelec.blowfish - Closing file...
[INFO ] 2022-01-28 10:36:02.870 [AWT-EventQueue-0] fr.esigelec.blowfish - Deciphering...
[INFO ] 2022-01-28 10:36:02.872 [AWT-EventQueue-0] fr.esigelec.blowfish - Deciphering failed !
[ERROR] 2022-01-28 10:36:02.872 [AWT-EventQueue-0] fr.esigelec.blowfish - Given final block not properly padded. Such issues can arise if a bad key is used during decryption. : null
[INFO ] 2022-01-28 10:37:16.728 [AWT-EventQueue-0] fr.esigelec.blowfish - Opening file...
[INFO ] 2022-01-28 10:37:16.733 [AWT-EventQueue-0] fr.esigelec.blowfish - Closing file...
[INFO ] 2022-01-28 10:37:16.734 [AWT-EventQueue-0] fr.esigelec.blowfish - Opening file...
[INFO ] 2022-01-28 10:37:16.739 [AWT-EventQueue-0] fr.esigelec.blowfish - Closing file...
[INFO ] 2022-01-28 10:37:16.739 [AWT-EventQueue-0] fr.esigelec.blowfish - Deciphering...
[INFO ] 2022-01-28 10:37:16.740 [AWT-EventQueue-0] fr.esigelec.blowfish - Deciphering failed !
[ERROR] 2022-01-28 10:37:16.740 [AWT-EventQueue-0] fr.esigelec.blowfish - Given final block not properly padded. Such issues can arise if a bad key is used during decryption. : null
[INFO ] 2022-01-28 10:43:15.593 [AWT-EventQueue-0] fr.esigelec.blowfish - Opening file...
[INFO ] 2022-01-28 10:43:15.607 [AWT-EventQueue-0] fr.esigelec.blowfish - Closing file...
[INFO ] 2022-01-28 10:43:15.608 [AWT-EventQueue-0] fr.esigelec.blowfish - Opening file...
[INFO ] 2022-01-28 10:43:15.612 [AWT-EventQueue-0] fr.esigelec.blowfish - Closing file...
[INFO ] 2022-01-28 10:43:15.612 [AWT-EventQueue-0] fr.esigelec.blowfish - Deciphering...
[INFO ] 2022-01-28 10:43:15.860 [AWT-EventQueue-0] fr.esigelec.blowfish - Deciphering failed !
[ERROR] 2022-01-28 10:43:15.861 [AWT-EventQueue-0] fr.esigelec.blowfish - Given final block not properly padded. Such issues can arise if a bad key is used during decryption. : null
[INFO ] 2022-01-28 10:46:39.272 [AWT-EventQueue-0] fr.esigelec.blowfish - Opening file...
[INFO ] 2022-01-28 10:46:39.303 [AWT-EventQueue-0] fr.esigelec.blowfish - Closing file...
[INFO ] 2022-01-28 10:46:39.304 [AWT-EventQueue-0] fr.esigelec.blowfish - Opening file...
[INFO ] 2022-01-28 10:46:39.313 [AWT-EventQueue-0] fr.esigelec.blowfish - Closing file...
[INFO ] 2022-01-28 10:46:39.314 [AWT-EventQueue-0] fr.esigelec.blowfish - Deciphering...
[INFO ] 2022-01-28 10:46:39.393 [AWT-EventQueue-0] fr.esigelec.blowfish - Deciphering failed !
[ERROR] 2022-01-28 10:46:39.393 [AWT-EventQueue-0] fr.esigelec.blowfish - Given final block not properly padded. Such issues can arise if a bad key is used during decryption. : null
[INFO ] 2022-01-28 10:48:38.040 [AWT-EventQueue-0] fr.esigelec.blowfish - Opening file...
[INFO ] 2022-01-28 10:48:38.054 [AWT-EventQueue-0] fr.esigelec.blowfish - Closing file...
[INFO ] 2022-01-28 10:48:38.054 [AWT-EventQueue-0] fr.esigelec.blowfish - Opening file...
[INFO ] 2022-01-28 10:48:38.058 [AWT-EventQueue-0] fr.esigelec.blowfish - Closing file...
[INFO ] 2022-01-28 10:48:38.059 [AWT-EventQueue-0] fr.esigelec.blowfish - Deciphering...
[INFO ] 2022-01-28 10:48:38.127 [AWT-EventQueue-0] fr.esigelec.blowfish - Deciphering failed !
[ERROR] 2022-01-28 10:48:38.127 [AWT-EventQueue-0] fr.esigelec.blowfish - Given final block not properly padded. Such issues can arise if a bad key is used during decryption. : null
[INFO ] 2022-01-28 10:49:02.259 [AWT-EventQueue-0] fr.esigelec.blowfish - Opening file...
[INFO ] 2022-01-28 10:49:02.265 [AWT-EventQueue-0] fr.esigelec.blowfish - Closing file...
[INFO ] 2022-01-28 10:49:02.265 [AWT-EventQueue-0] fr.esigelec.blowfish - Opening file...
[INFO ] 2022-01-28 10:49:02.269 [AWT-EventQueue-0] fr.esigelec.blowfish - Closing file...
[INFO ] 2022-01-28 10:49:02.269 [AWT-EventQueue-0] fr.esigelec.blowfish - Deciphering...
[INFO ] 2022-01-28 10:49:02.272 [AWT-EventQueue-0] fr.esigelec.blowfish - Deciphering successed !
[INFO ] 2022-01-28 10:50:35.872 [AWT-EventQueue-0] fr.esigelec.blowfish - Opening file...
[INFO ] 2022-01-28 10:50:36.070 [AWT-EventQueue-0] fr.esigelec.blowfish - Closing file...
[INFO ] 2022-01-28 10:50:36.071 [AWT-EventQueue-0] fr.esigelec.blowfish - Opening file...
[INFO ] 2022-01-28 10:50:36.143 [AWT-EventQueue-0] fr.esigelec.blowfish - Closing file...
[INFO ] 2022-01-28 10:50:36.143 [AWT-EventQueue-0] fr.esigelec.blowfish - Enciphering...
[INFO ] 2022-01-28 10:50:36.256 [AWT-EventQueue-0] fr.esigelec.blowfish - Enciphering successed !
